
> ai-crm-frontend@1.0.0 dev
> vite


  VITE v4.5.14  ready in 131 ms

  ➜  Local:   http://localhost:3000/
  ➜  Network: use --host to expose
(node:98051) [DEP0060] DeprecationWarning: The `util._extend` API is deprecated. Please use Object.assign() instead.
(Use `node --trace-deprecation ...` to show where the warning was created)
12:15:33 PM [vite] http proxy error at /api/auth/login:
AggregateError [ECONNREFUSED]: 
    at internalConnectMultiple (node:net:1134:18)
    at afterConnectMultiple (node:net:1715:7)
12:18:01 PM [vite] http proxy error at /api/auth/login:
AggregateError [ECONNREFUSED]: 
    at internalConnectMultiple (node:net:1134:18)
    at afterConnectMultiple (node:net:1715:7)
12:21:30 PM [vite] hmr update /src/contexts/AuthContext.tsx, /src/index.css, /src/pages/DashboardPage.tsx, /src/pages/DocumentsPage.tsx, /src/pages/SettingsPage.tsx, /src/pages/CasesPage.tsx, /src/pages/CommunicationsPage.tsx, /src/pages/ReportsPage.tsx, /src/components/dashboard/RecentActivity.tsx, /src/components/dashboard/SystemHealth.tsx, /src/components/documents/DocumentUpload.tsx, /src/components/settings/AgentSettings.tsx, /src/components/settings/SystemSettings.tsx, /src/components/settings/IntegrationSettings.tsx, /src/components/documents/DocumentPreview.tsx, /src/components/cases/CaseModal.tsx, /src/components/communications/CommunicationComposer.tsx, /src/components/communications/CommunicationTemplates.tsx, /src/components/settings/UserSettings.tsx, /src/components/reports/ReportExport.tsx
12:21:30 PM [vite] hmr invalidate /src/contexts/AuthContext.tsx Could not Fast Refresh ("useAuth" export is incompatible). Learn more at https://github.com/vitejs/vite-plugin-react/tree/main/packages/plugin-react#consistent-components-exports
12:21:30 PM [vite] hmr update /src/App.tsx, /src/index.css, /src/components/auth/ProtectedRoute.tsx, /src/pages/LoginPage.tsx, /src/components/layout/Header.tsx, /src/components/settings/UserSettings.tsx
12:28:21 PM [vite] hmr update /src/pages/DashboardPage.tsx, /src/index.css, /src/components/dashboard/AgentStatusCard.tsx
12:28:35 PM [vite] hmr update /src/pages/DashboardPage.tsx, /src/index.css, /src/components/dashboard/AgentStatusCard.tsx
12:29:03 PM [vite] hmr update /src/pages/DashboardPage.tsx, /src/index.css, /src/components/dashboard/AgentStatusCard.tsx
12:29:18 PM [vite] hmr update /src/pages/LoginPage.tsx, /src/index.css
12:33:18 PM [vite] hmr update /src/pages/DashboardPage.tsx, /src/index.css, /src/components/dashboard/AgentStatusCard.tsx
1:22:02 PM [vite] http proxy error at /api/v1/health:
AggregateError [ECONNREFUSED]: 
    at internalConnectMultiple (node:net:1134:18)
    at afterConnectMultiple (node:net:1715:7)
1:22:03 PM [vite] http proxy error at /api/v1/health:
AggregateError [ECONNREFUSED]: 
    at internalConnectMultiple (node:net:1134:18)
    at afterConnectMultiple (node:net:1715:7)
1:22:09 PM [vite] http proxy error at /api/v1/dashboard/stats:
AggregateError [ECONNREFUSED]: 
    at internalConnectMultiple (node:net:1134:18)
    at afterConnectMultiple (node:net:1715:7)
1:22:10 PM [vite] http proxy error at /api/v1/dashboard/stats:
AggregateError [ECONNREFUSED]: 
    at internalConnectMultiple (node:net:1134:18)
    at afterConnectMultiple (node:net:1715:7)
1:22:10 PM [vite] http proxy error at /api/v1/health:
AggregateError [ECONNREFUSED]: 
    at internalConnectMultiple (node:net:1134:18)
    at afterConnectMultiple (node:net:1715:7)
1:22:10 PM [vite] http proxy error at /api/v1/activity/recent:
AggregateError [ECONNREFUSED]: 
    at internalConnectMultiple (node:net:1134:18)
    at afterConnectMultiple (node:net:1715:7)
1:22:10 PM [vite] http proxy error at /api/v1/agents:
AggregateError [ECONNREFUSED]: 
    at internalConnectMultiple (node:net:1134:18)
    at afterConnectMultiple (node:net:1715:7)
1:22:11 PM [vite] http proxy error at /api/v1/agents:
AggregateError [ECONNREFUSED]: 
    at internalConnectMultiple (node:net:1134:18)
    at afterConnectMultiple (node:net:1715:7)
1:22:11 PM [vite] http proxy error at /api/v1/health:
AggregateError [ECONNREFUSED]: 
    at internalConnectMultiple (node:net:1134:18)
    at afterConnectMultiple (node:net:1715:7)
1:22:11 PM [vite] http proxy error at /api/v1/activity/recent:
AggregateError [ECONNREFUSED]: 
    at internalConnectMultiple (node:net:1134:18)
    at afterConnectMultiple (node:net:1715:7)
1:22:12 PM [vite] http proxy error at /api/v1/health:
AggregateError [ECONNREFUSED]: 
    at internalConnectMultiple (node:net:1134:18)
    at afterConnectMultiple (node:net:1715:7)
1:22:12 PM [vite] http proxy error at /api/v1/activity/recent:
AggregateError [ECONNREFUSED]: 
    at internalConnectMultiple (node:net:1134:18)
    at afterConnectMultiple (node:net:1715:7)
1:22:22 PM [vite] http proxy error at /api/v1/health:
AggregateError [ECONNREFUSED]: 
    at internalConnectMultiple (node:net:1134:18)
    at afterConnectMultiple (node:net:1715:7)
1:22:23 PM [vite] http proxy error at /api/v1/health:
AggregateError [ECONNREFUSED]: 
    at internalConnectMultiple (node:net:1134:18)
    at afterConnectMultiple (node:net:1715:7)
1:22:33 PM [vite] http proxy error at /api/v1/health:
AggregateError [ECONNREFUSED]: 
    at internalConnectMultiple (node:net:1134:18)
    at afterConnectMultiple (node:net:1715:7)
1:22:34 PM [vite] http proxy error at /api/v1/health:
AggregateError [ECONNREFUSED]: 
    at internalConnectMultiple (node:net:1134:18)
    at afterConnectMultiple (node:net:1715:7)
1:22:41 PM [vite] http proxy error at /api/v1/agents:
AggregateError [ECONNREFUSED]: 
    at internalConnectMultiple (node:net:1134:18)
    at afterConnectMultiple (node:net:1715:7)
1:22:42 PM [vite] http proxy error at /api/v1/agents:
AggregateError [ECONNREFUSED]: 
    at internalConnectMultiple (node:net:1134:18)
    at afterConnectMultiple (node:net:1715:7)
1:22:42 PM [vite] http proxy error at /api/v1/health:
AggregateError [ECONNREFUSED]: 
    at internalConnectMultiple (node:net:1134:18)
    at afterConnectMultiple (node:net:1715:7)
1:22:42 PM [vite] http proxy error at /api/v1/activity/recent:
AggregateError [ECONNREFUSED]: 
    at internalConnectMultiple (node:net:1134:18)
    at afterConnectMultiple (node:net:1715:7)
1:22:43 PM [vite] http proxy error at /api/v1/health:
AggregateError [ECONNREFUSED]: 
    at internalConnectMultiple (node:net:1134:18)
    at afterConnectMultiple (node:net:1715:7)
1:22:43 PM [vite] http proxy error at /api/v1/activity/recent:
AggregateError [ECONNREFUSED]: 
    at internalConnectMultiple (node:net:1134:18)
    at afterConnectMultiple (node:net:1715:7)
1:22:53 PM [vite] http proxy error at /api/v1/health:
AggregateError [ECONNREFUSED]: 
    at internalConnectMultiple (node:net:1134:18)
    at afterConnectMultiple (node:net:1715:7)
1:22:54 PM [vite] http proxy error at /api/v1/health:
AggregateError [ECONNREFUSED]: 
    at internalConnectMultiple (node:net:1134:18)
    at afterConnectMultiple (node:net:1715:7)
1:23:13 PM [vite] http proxy error at /api/v1/health:
AggregateError [ECONNREFUSED]: 
    at internalConnectMultiple (node:net:1134:18)
    at afterConnectMultiple (node:net:1715:7)
1:23:13 PM [vite] http proxy error at /api/v1/activity/recent:
AggregateError [ECONNREFUSED]: 
    at internalConnectMultiple (node:net:1134:18)
    at afterConnectMultiple (node:net:1715:7)
1:23:23 PM [vite] http proxy error at /api/v1/health:
AggregateError [ECONNREFUSED]: 
    at internalConnectMultiple (node:net:1134:18)
    at afterConnectMultiple (node:net:1715:7)
1:23:24 PM [vite] http proxy error at /api/v1/health:
AggregateError [ECONNREFUSED]: 
    at internalConnectMultiple (node:net:1134:18)
    at afterConnectMultiple (node:net:1715:7)
1:23:34 PM [vite] http proxy error at /api/v1/health:
AggregateError [ECONNREFUSED]: 
    at internalConnectMultiple (node:net:1134:18)
    at afterConnectMultiple (node:net:1715:7)
1:23:35 PM [vite] http proxy error at /api/v1/health:
AggregateError [ECONNREFUSED]: 
    at internalConnectMultiple (node:net:1134:18)
    at afterConnectMultiple (node:net:1715:7)
1:23:42 PM [vite] http proxy error at /api/v1/agents:
AggregateError [ECONNREFUSED]: 
    at internalConnectMultiple (node:net:1134:18)
    at afterConnectMultiple (node:net:1715:7)
1:23:43 PM [vite] http proxy error at /api/v1/agents:
AggregateError [ECONNREFUSED]: 
    at internalConnectMultiple (node:net:1134:18)
    at afterConnectMultiple (node:net:1715:7)
1:23:43 PM [vite] http proxy error at /api/v1/activity/recent:
AggregateError [ECONNREFUSED]: 
    at internalConnectMultiple (node:net:1134:18)
    at afterConnectMultiple (node:net:1715:7)
1:23:44 PM [vite] http proxy error at /api/v1/activity/recent:
AggregateError [ECONNREFUSED]: 
    at internalConnectMultiple (node:net:1134:18)
    at afterConnectMultiple (node:net:1715:7)
1:23:45 PM [vite] http proxy error at /api/v1/health:
AggregateError [ECONNREFUSED]: 
    at internalConnectMultiple (node:net:1134:18)
    at afterConnectMultiple (node:net:1715:7)
1:23:46 PM [vite] http proxy error at /api/v1/health:
AggregateError [ECONNREFUSED]: 
    at internalConnectMultiple (node:net:1134:18)
    at afterConnectMultiple (node:net:1715:7)
1:23:56 PM [vite] http proxy error at /api/v1/health:
AggregateError [ECONNREFUSED]: 
    at internalConnectMultiple (node:net:1134:18)
    at afterConnectMultiple (node:net:1715:7)
1:23:57 PM [vite] http proxy error at /api/v1/health:
AggregateError [ECONNREFUSED]: 
    at internalConnectMultiple (node:net:1134:18)
    at afterConnectMultiple (node:net:1715:7)
1:24:07 PM [vite] http proxy error at /api/v1/health:
AggregateError [ECONNREFUSED]: 
    at internalConnectMultiple (node:net:1134:18)
    at afterConnectMultiple (node:net:1715:7)
1:24:08 PM [vite] http proxy error at /api/v1/health:
AggregateError [ECONNREFUSED]: 
    at internalConnectMultiple (node:net:1134:18)
    at afterConnectMultiple (node:net:1715:7)
1:24:10 PM [vite] http proxy error at /api/v1/dashboard/stats:
AggregateError [ECONNREFUSED]: 
    at internalConnectMultiple (node:net:1134:18)
    at afterConnectMultiple (node:net:1715:7)
1:24:11 PM [vite] http proxy error at /api/v1/dashboard/stats:
AggregateError [ECONNREFUSED]: 
    at internalConnectMultiple (node:net:1134:18)
    at afterConnectMultiple (node:net:1715:7)
1:24:13 PM [vite] http proxy error at /api/v1/agents:
AggregateError [ECONNREFUSED]: 
    at internalConnectMultiple (node:net:1134:18)
    at afterConnectMultiple (node:net:1715:7)
1:24:14 PM [vite] http proxy error at /api/v1/agents:
AggregateError [ECONNREFUSED]: 
    at internalConnectMultiple (node:net:1134:18)
    at afterConnectMultiple (node:net:1715:7)
1:24:14 PM [vite] http proxy error at /api/v1/activity/recent:
AggregateError [ECONNREFUSED]: 
    at internalConnectMultiple (node:net:1134:18)
    at afterConnectMultiple (node:net:1715:7)
1:24:15 PM [vite] http proxy error at /api/v1/activity/recent:
AggregateError [ECONNREFUSED]: 
    at internalConnectMultiple (node:net:1134:18)
    at afterConnectMultiple (node:net:1715:7)
1:24:18 PM [vite] http proxy error at /api/v1/health:
AggregateError [ECONNREFUSED]: 
    at internalConnectMultiple (node:net:1134:18)
    at afterConnectMultiple (node:net:1715:7)
1:24:19 PM [vite] http proxy error at /api/v1/health:
AggregateError [ECONNREFUSED]: 
    at internalConnectMultiple (node:net:1134:18)
    at afterConnectMultiple (node:net:1715:7)
1:24:29 PM [vite] http proxy error at /api/v1/health:
AggregateError [ECONNREFUSED]: 
    at internalConnectMultiple (node:net:1134:18)
    at afterConnectMultiple (node:net:1715:7)
1:24:30 PM [vite] http proxy error at /api/v1/health:
AggregateError [ECONNREFUSED]: 
    at internalConnectMultiple (node:net:1134:18)
    at afterConnectMultiple (node:net:1715:7)
1:24:40 PM [vite] http proxy error at /api/v1/health:
AggregateError [ECONNREFUSED]: 
    at internalConnectMultiple (node:net:1134:18)
    at afterConnectMultiple (node:net:1715:7)
1:24:41 PM [vite] http proxy error at /api/v1/health:
AggregateError [ECONNREFUSED]: 
    at internalConnectMultiple (node:net:1134:18)
    at afterConnectMultiple (node:net:1715:7)
1:24:44 PM [vite] http proxy error at /api/v1/agents:
AggregateError [ECONNREFUSED]: 
    at internalConnectMultiple (node:net:1134:18)
    at afterConnectMultiple (node:net:1715:7)
1:24:45 PM [vite] http proxy error at /api/v1/agents:
AggregateError [ECONNREFUSED]: 
    at internalConnectMultiple (node:net:1134:18)
    at afterConnectMultiple (node:net:1715:7)
1:24:45 PM [vite] http proxy error at /api/v1/activity/recent:
AggregateError [ECONNREFUSED]: 
    at internalConnectMultiple (node:net:1134:18)
    at afterConnectMultiple (node:net:1715:7)
1:24:46 PM [vite] http proxy error at /api/v1/activity/recent:
AggregateError [ECONNREFUSED]: 
    at internalConnectMultiple (node:net:1134:18)
    at afterConnectMultiple (node:net:1715:7)
1:24:51 PM [vite] http proxy error at /api/v1/health:
AggregateError [ECONNREFUSED]: 
    at internalConnectMultiple (node:net:1134:18)
    at afterConnectMultiple (node:net:1715:7)
1:24:52 PM [vite] http proxy error at /api/v1/health:
AggregateError [ECONNREFUSED]: 
    at internalConnectMultiple (node:net:1134:18)
    at afterConnectMultiple (node:net:1715:7)
1:25:02 PM [vite] http proxy error at /api/v1/health:
AggregateError [ECONNREFUSED]: 
    at internalConnectMultiple (node:net:1134:18)
    at afterConnectMultiple (node:net:1715:7)
1:25:03 PM [vite] http proxy error at /api/v1/health:
AggregateError [ECONNREFUSED]: 
    at internalConnectMultiple (node:net:1134:18)
    at afterConnectMultiple (node:net:1715:7)
1:25:11 PM [vite] http proxy error at /api/v1/dashboard/stats:
AggregateError [ECONNREFUSED]: 
    at internalConnectMultiple (node:net:1134:18)
    at afterConnectMultiple (node:net:1715:7)
1:25:12 PM [vite] http proxy error at /api/v1/dashboard/stats:
AggregateError [ECONNREFUSED]: 
    at internalConnectMultiple (node:net:1134:18)
    at afterConnectMultiple (node:net:1715:7)
1:25:13 PM [vite] http proxy error at /api/v1/health:
AggregateError [ECONNREFUSED]: 
    at internalConnectMultiple (node:net:1134:18)
    at afterConnectMultiple (node:net:1715:7)
1:25:14 PM [vite] http proxy error at /api/v1/health:
AggregateError [ECONNREFUSED]: 
    at internalConnectMultiple (node:net:1134:18)
    at afterConnectMultiple (node:net:1715:7)
1:25:15 PM [vite] http proxy error at /api/v1/agents:
AggregateError [ECONNREFUSED]: 
    at internalConnectMultiple (node:net:1134:18)
    at afterConnectMultiple (node:net:1715:7)
1:25:16 PM [vite] http proxy error at /api/v1/agents:
AggregateError [ECONNREFUSED]: 
    at internalConnectMultiple (node:net:1134:18)
    at afterConnectMultiple (node:net:1715:7)
1:25:16 PM [vite] http proxy error at /api/v1/activity/recent:
AggregateError [ECONNREFUSED]: 
    at internalConnectMultiple (node:net:1134:18)
    at afterConnectMultiple (node:net:1715:7)
1:25:17 PM [vite] http proxy error at /api/v1/activity/recent:
AggregateError [ECONNREFUSED]: 
    at internalConnectMultiple (node:net:1134:18)
    at afterConnectMultiple (node:net:1715:7)
1:25:24 PM [vite] http proxy error at /api/v1/health:
AggregateError [ECONNREFUSED]: 
    at internalConnectMultiple (node:net:1134:18)
    at afterConnectMultiple (node:net:1715:7)
1:25:25 PM [vite] http proxy error at /api/v1/health:
AggregateError [ECONNREFUSED]: 
    at internalConnectMultiple (node:net:1134:18)
    at afterConnectMultiple (node:net:1715:7)
1:25:35 PM [vite] http proxy error at /api/v1/health:
AggregateError [ECONNREFUSED]: 
    at internalConnectMultiple (node:net:1134:18)
    at afterConnectMultiple (node:net:1715:7)
1:25:36 PM [vite] http proxy error at /api/v1/health:
AggregateError [ECONNREFUSED]: 
    at internalConnectMultiple (node:net:1134:18)
    at afterConnectMultiple (node:net:1715:7)
1:25:46 PM [vite] http proxy error at /api/v1/agents:
AggregateError [ECONNREFUSED]: 
    at internalConnectMultiple (node:net:1134:18)
    at afterConnectMultiple (node:net:1715:7)
1:25:46 PM [vite] http proxy error at /api/v1/health:
AggregateError [ECONNREFUSED]: 
    at internalConnectMultiple (node:net:1134:18)
    at afterConnectMultiple (node:net:1715:7)
1:25:47 PM [vite] http proxy error at /api/v1/agents:
AggregateError [ECONNREFUSED]: 
    at internalConnectMultiple (node:net:1134:18)
    at afterConnectMultiple (node:net:1715:7)
1:25:47 PM [vite] http proxy error at /api/v1/activity/recent:
AggregateError [ECONNREFUSED]: 
    at internalConnectMultiple (node:net:1134:18)
    at afterConnectMultiple (node:net:1715:7)
1:25:47 PM [vite] http proxy error at /api/v1/health:
AggregateError [ECONNREFUSED]: 
    at internalConnectMultiple (node:net:1134:18)
    at afterConnectMultiple (node:net:1715:7)
1:25:48 PM [vite] http proxy error at /api/v1/activity/recent:
AggregateError [ECONNREFUSED]: 
    at internalConnectMultiple (node:net:1134:18)
    at afterConnectMultiple (node:net:1715:7)
1:25:57 PM [vite] http proxy error at /api/v1/health:
AggregateError [ECONNREFUSED]: 
    at internalConnectMultiple (node:net:1134:18)
    at afterConnectMultiple (node:net:1715:7)
1:25:58 PM [vite] http proxy error at /api/v1/health:
AggregateError [ECONNREFUSED]: 
    at internalConnectMultiple (node:net:1134:18)
    at afterConnectMultiple (node:net:1715:7)
1:26:08 PM [vite] http proxy error at /api/v1/health:
AggregateError [ECONNREFUSED]: 
    at internalConnectMultiple (node:net:1134:18)
    at afterConnectMultiple (node:net:1715:7)
1:26:09 PM [vite] http proxy error at /api/v1/health:
AggregateError [ECONNREFUSED]: 
    at internalConnectMultiple (node:net:1134:18)
    at afterConnectMultiple (node:net:1715:7)
1:26:12 PM [vite] http proxy error at /api/v1/dashboard/stats:
AggregateError [ECONNREFUSED]: 
    at internalConnectMultiple (node:net:1134:18)
    at afterConnectMultiple (node:net:1715:7)
1:26:13 PM [vite] http proxy error at /api/v1/dashboard/stats:
AggregateError [ECONNREFUSED]: 
    at internalConnectMultiple (node:net:1134:18)
    at afterConnectMultiple (node:net:1715:7)
1:26:17 PM [vite] http proxy error at /api/v1/agents:
AggregateError [ECONNREFUSED]: 
    at internalConnectMultiple (node:net:1134:18)
    at afterConnectMultiple (node:net:1715:7)
1:26:18 PM [vite] http proxy error at /api/v1/agents:
AggregateError [ECONNREFUSED]: 
    at internalConnectMultiple (node:net:1134:18)
    at afterConnectMultiple (node:net:1715:7)
1:26:18 PM [vite] http proxy error at /api/v1/activity/recent:
AggregateError [ECONNREFUSED]: 
    at internalConnectMultiple (node:net:1134:18)
    at afterConnectMultiple (node:net:1715:7)
1:26:19 PM [vite] http proxy error at /api/v1/activity/recent:
AggregateError [ECONNREFUSED]: 
    at internalConnectMultiple (node:net:1134:18)
    at afterConnectMultiple (node:net:1715:7)
1:26:19 PM [vite] http proxy error at /api/v1/health:
AggregateError [ECONNREFUSED]: 
    at internalConnectMultiple (node:net:1134:18)
    at afterConnectMultiple (node:net:1715:7)
1:26:20 PM [vite] http proxy error at /api/v1/health:
AggregateError [ECONNREFUSED]: 
    at internalConnectMultiple (node:net:1134:18)
    at afterConnectMultiple (node:net:1715:7)
1:26:30 PM [vite] http proxy error at /api/v1/health:
AggregateError [ECONNREFUSED]: 
    at internalConnectMultiple (node:net:1134:18)
    at afterConnectMultiple (node:net:1715:7)
1:26:31 PM [vite] http proxy error at /api/v1/health:
AggregateError [ECONNREFUSED]: 
    at internalConnectMultiple (node:net:1134:18)
    at afterConnectMultiple (node:net:1715:7)
1:26:41 PM [vite] http proxy error at /api/v1/health:
AggregateError [ECONNREFUSED]: 
    at internalConnectMultiple (node:net:1134:18)
    at afterConnectMultiple (node:net:1715:7)
1:26:42 PM [vite] http proxy error at /api/v1/health:
AggregateError [ECONNREFUSED]: 
    at internalConnectMultiple (node:net:1134:18)
    at afterConnectMultiple (node:net:1715:7)
1:26:48 PM [vite] http proxy error at /api/v1/agents:
AggregateError [ECONNREFUSED]: 
    at internalConnectMultiple (node:net:1134:18)
    at afterConnectMultiple (node:net:1715:7)
1:26:49 PM [vite] http proxy error at /api/v1/agents:
AggregateError [ECONNREFUSED]: 
    at internalConnectMultiple (node:net:1134:18)
    at afterConnectMultiple (node:net:1715:7)
1:26:49 PM [vite] http proxy error at /api/v1/activity/recent:
AggregateError [ECONNREFUSED]: 
    at internalConnectMultiple (node:net:1134:18)
    at afterConnectMultiple (node:net:1715:7)
1:26:50 PM [vite] http proxy error at /api/v1/activity/recent:
AggregateError [ECONNREFUSED]: 
    at internalConnectMultiple (node:net:1134:18)
    at afterConnectMultiple (node:net:1715:7)
1:26:52 PM [vite] http proxy error at /api/v1/health:
AggregateError [ECONNREFUSED]: 
    at internalConnectMultiple (node:net:1134:18)
    at afterConnectMultiple (node:net:1715:7)
1:26:53 PM [vite] http proxy error at /api/v1/health:
AggregateError [ECONNREFUSED]: 
    at internalConnectMultiple (node:net:1134:18)
    at afterConnectMultiple (node:net:1715:7)
1:27:03 PM [vite] http proxy error at /api/v1/health:
AggregateError [ECONNREFUSED]: 
    at internalConnectMultiple (node:net:1134:18)
    at afterConnectMultiple (node:net:1715:7)
1:27:04 PM [vite] http proxy error at /api/v1/health:
AggregateError [ECONNREFUSED]: 
    at internalConnectMultiple (node:net:1134:18)
    at afterConnectMultiple (node:net:1715:7)
1:27:13 PM [vite] http proxy error at /api/v1/dashboard/stats:
AggregateError [ECONNREFUSED]: 
    at internalConnectMultiple (node:net:1134:18)
    at afterConnectMultiple (node:net:1715:7)
1:27:14 PM [vite] http proxy error at /api/v1/dashboard/stats:
AggregateError [ECONNREFUSED]: 
    at internalConnectMultiple (node:net:1134:18)
    at afterConnectMultiple (node:net:1715:7)
1:27:14 PM [vite] http proxy error at /api/v1/health:
AggregateError [ECONNREFUSED]: 
    at internalConnectMultiple (node:net:1134:18)
    at afterConnectMultiple (node:net:1715:7)
1:27:15 PM [vite] http proxy error at /api/v1/health:
AggregateError [ECONNREFUSED]: 
    at internalConnectMultiple (node:net:1134:18)
    at afterConnectMultiple (node:net:1715:7)
1:27:19 PM [vite] http proxy error at /api/v1/agents:
AggregateError [ECONNREFUSED]: 
    at internalConnectMultiple (node:net:1134:18)
    at afterConnectMultiple (node:net:1715:7)
1:27:20 PM [vite] http proxy error at /api/v1/activity/recent:
AggregateError [ECONNREFUSED]: 
    at internalConnectMultiple (node:net:1134:18)
    at afterConnectMultiple (node:net:1715:7)
1:27:20 PM [vite] http proxy error at /api/v1/agents:
AggregateError [ECONNREFUSED]: 
    at internalConnectMultiple (node:net:1134:18)
    at afterConnectMultiple (node:net:1715:7)
1:27:21 PM [vite] http proxy error at /api/v1/activity/recent:
AggregateError [ECONNREFUSED]: 
    at internalConnectMultiple (node:net:1134:18)
    at afterConnectMultiple (node:net:1715:7)
1:27:25 PM [vite] http proxy error at /api/v1/health:
AggregateError [ECONNREFUSED]: 
    at internalConnectMultiple (node:net:1134:18)
    at afterConnectMultiple (node:net:1715:7)
1:27:26 PM [vite] http proxy error at /api/v1/health:
AggregateError [ECONNREFUSED]: 
    at internalConnectMultiple (node:net:1134:18)
    at afterConnectMultiple (node:net:1715:7)
1:27:36 PM [vite] http proxy error at /api/v1/health:
AggregateError [ECONNREFUSED]: 
    at internalConnectMultiple (node:net:1134:18)
    at afterConnectMultiple (node:net:1715:7)
1:27:37 PM [vite] http proxy error at /api/v1/health:
AggregateError [ECONNREFUSED]: 
    at internalConnectMultiple (node:net:1134:18)
    at afterConnectMultiple (node:net:1715:7)
1:27:47 PM [vite] http proxy error at /api/v1/health:
AggregateError [ECONNREFUSED]: 
    at internalConnectMultiple (node:net:1134:18)
    at afterConnectMultiple (node:net:1715:7)
1:27:48 PM [vite] http proxy error at /api/v1/health:
AggregateError [ECONNREFUSED]: 
    at internalConnectMultiple (node:net:1134:18)
    at afterConnectMultiple (node:net:1715:7)
1:27:50 PM [vite] http proxy error at /api/v1/agents:
AggregateError [ECONNREFUSED]: 
    at internalConnectMultiple (node:net:1134:18)
    at afterConnectMultiple (node:net:1715:7)
1:27:51 PM [vite] http proxy error at /api/v1/activity/recent:
AggregateError [ECONNREFUSED]: 
    at internalConnectMultiple (node:net:1134:18)
    at afterConnectMultiple (node:net:1715:7)
1:27:51 PM [vite] http proxy error at /api/v1/agents:
AggregateError [ECONNREFUSED]: 
    at internalConnectMultiple (node:net:1134:18)
    at afterConnectMultiple (node:net:1715:7)
1:27:52 PM [vite] http proxy error at /api/v1/activity/recent:
AggregateError [ECONNREFUSED]: 
    at internalConnectMultiple (node:net:1134:18)
    at afterConnectMultiple (node:net:1715:7)
1:27:58 PM [vite] http proxy error at /api/v1/health:
AggregateError [ECONNREFUSED]: 
    at internalConnectMultiple (node:net:1134:18)
    at afterConnectMultiple (node:net:1715:7)
1:27:59 PM [vite] http proxy error at /api/v1/health:
AggregateError [ECONNREFUSED]: 
    at internalConnectMultiple (node:net:1134:18)
    at afterConnectMultiple (node:net:1715:7)
1:28:09 PM [vite] http proxy error at /api/v1/health:
AggregateError [ECONNREFUSED]: 
    at internalConnectMultiple (node:net:1134:18)
    at afterConnectMultiple (node:net:1715:7)
1:28:10 PM [vite] http proxy error at /api/v1/health:
AggregateError [ECONNREFUSED]: 
    at internalConnectMultiple (node:net:1134:18)
    at afterConnectMultiple (node:net:1715:7)
1:28:14 PM [vite] http proxy error at /api/v1/dashboard/stats:
AggregateError [ECONNREFUSED]: 
    at internalConnectMultiple (node:net:1134:18)
    at afterConnectMultiple (node:net:1715:7)
1:28:15 PM [vite] http proxy error at /api/v1/dashboard/stats:
AggregateError [ECONNREFUSED]: 
    at internalConnectMultiple (node:net:1134:18)
    at afterConnectMultiple (node:net:1715:7)
1:28:20 PM [vite] http proxy error at /api/v1/health:
AggregateError [ECONNREFUSED]: 
    at internalConnectMultiple (node:net:1134:18)
    at afterConnectMultiple (node:net:1715:7)
1:28:21 PM [vite] http proxy error at /api/v1/agents:
AggregateError [ECONNREFUSED]: 
    at internalConnectMultiple (node:net:1134:18)
    at afterConnectMultiple (node:net:1715:7)
1:28:21 PM [vite] http proxy error at /api/v1/health:
AggregateError [ECONNREFUSED]: 
    at internalConnectMultiple (node:net:1134:18)
    at afterConnectMultiple (node:net:1715:7)
1:28:22 PM [vite] http proxy error at /api/v1/activity/recent:
AggregateError [ECONNREFUSED]: 
    at internalConnectMultiple (node:net:1134:18)
    at afterConnectMultiple (node:net:1715:7)
1:28:22 PM [vite] http proxy error at /api/v1/agents:
AggregateError [ECONNREFUSED]: 
    at internalConnectMultiple (node:net:1134:18)
    at afterConnectMultiple (node:net:1715:7)
1:28:23 PM [vite] http proxy error at /api/v1/activity/recent:
AggregateError [ECONNREFUSED]: 
    at internalConnectMultiple (node:net:1134:18)
    at afterConnectMultiple (node:net:1715:7)
1:28:31 PM [vite] http proxy error at /api/v1/health:
AggregateError [ECONNREFUSED]: 
    at internalConnectMultiple (node:net:1134:18)
    at afterConnectMultiple (node:net:1715:7)
1:28:32 PM [vite] http proxy error at /api/v1/health:
AggregateError [ECONNREFUSED]: 
    at internalConnectMultiple (node:net:1134:18)
    at afterConnectMultiple (node:net:1715:7)
1:28:42 PM [vite] http proxy error at /api/v1/health:
AggregateError [ECONNREFUSED]: 
    at internalConnectMultiple (node:net:1134:18)
    at afterConnectMultiple (node:net:1715:7)
1:28:43 PM [vite] http proxy error at /api/v1/health:
AggregateError [ECONNREFUSED]: 
    at internalConnectMultiple (node:net:1134:18)
    at afterConnectMultiple (node:net:1715:7)
1:28:52 PM [vite] http proxy error at /api/v1/agents:
AggregateError [ECONNREFUSED]: 
    at internalConnectMultiple (node:net:1134:18)
    at afterConnectMultiple (node:net:1715:7)
1:28:53 PM [vite] http proxy error at /api/v1/activity/recent:
AggregateError [ECONNREFUSED]: 
    at internalConnectMultiple (node:net:1134:18)
    at afterConnectMultiple (node:net:1715:7)
1:28:53 PM [vite] http proxy error at /api/v1/agents:
AggregateError [ECONNREFUSED]: 
    at internalConnectMultiple (node:net:1134:18)
    at afterConnectMultiple (node:net:1715:7)
1:28:53 PM [vite] http proxy error at /api/v1/health:
AggregateError [ECONNREFUSED]: 
    at internalConnectMultiple (node:net:1134:18)
    at afterConnectMultiple (node:net:1715:7)
1:28:54 PM [vite] http proxy error at /api/v1/activity/recent:
AggregateError [ECONNREFUSED]: 
    at internalConnectMultiple (node:net:1134:18)
    at afterConnectMultiple (node:net:1715:7)
1:28:54 PM [vite] http proxy error at /api/v1/health:
AggregateError [ECONNREFUSED]: 
    at internalConnectMultiple (node:net:1134:18)
    at afterConnectMultiple (node:net:1715:7)
1:29:04 PM [vite] http proxy error at /api/v1/health:
AggregateError [ECONNREFUSED]: 
    at internalConnectMultiple (node:net:1134:18)
    at afterConnectMultiple (node:net:1715:7)
1:29:05 PM [vite] http proxy error at /api/v1/health:
AggregateError [ECONNREFUSED]: 
    at internalConnectMultiple (node:net:1134:18)
    at afterConnectMultiple (node:net:1715:7)
1:29:15 PM [vite] http proxy error at /api/v1/dashboard/stats:
AggregateError [ECONNREFUSED]: 
    at internalConnectMultiple (node:net:1134:18)
    at afterConnectMultiple (node:net:1715:7)
1:29:15 PM [vite] http proxy error at /api/v1/health:
AggregateError [ECONNREFUSED]: 
    at internalConnectMultiple (node:net:1134:18)
    at afterConnectMultiple (node:net:1715:7)
1:29:16 PM [vite] http proxy error at /api/v1/dashboard/stats:
AggregateError [ECONNREFUSED]: 
    at internalConnectMultiple (node:net:1134:18)
    at afterConnectMultiple (node:net:1715:7)
1:29:17 PM [vite] http proxy error at /api/v1/health:
AggregateError [ECONNREFUSED]: 
    at internalConnectMultiple (node:net:1134:18)
    at afterConnectMultiple (node:net:1715:7)
1:29:23 PM [vite] http proxy error at /api/v1/agents:
AggregateError [ECONNREFUSED]: 
    at internalConnectMultiple (node:net:1134:18)
    at afterConnectMultiple (node:net:1715:7)
1:29:24 PM [vite] http proxy error at /api/v1/activity/recent:
AggregateError [ECONNREFUSED]: 
    at internalConnectMultiple (node:net:1134:18)
    at afterConnectMultiple (node:net:1715:7)
1:29:24 PM [vite] http proxy error at /api/v1/agents:
AggregateError [ECONNREFUSED]: 
    at internalConnectMultiple (node:net:1134:18)
    at afterConnectMultiple (node:net:1715:7)
1:29:25 PM [vite] http proxy error at /api/v1/activity/recent:
AggregateError [ECONNREFUSED]: 
    at internalConnectMultiple (node:net:1134:18)
    at afterConnectMultiple (node:net:1715:7)
1:29:27 PM [vite] http proxy error at /api/v1/health:
AggregateError [ECONNREFUSED]: 
    at internalConnectMultiple (node:net:1134:18)
    at afterConnectMultiple (node:net:1715:7)
1:29:28 PM [vite] http proxy error at /api/v1/health:
AggregateError [ECONNREFUSED]: 
    at internalConnectMultiple (node:net:1134:18)
    at afterConnectMultiple (node:net:1715:7)
1:29:38 PM [vite] http proxy error at /api/v1/health:
AggregateError [ECONNREFUSED]: 
    at internalConnectMultiple (node:net:1134:18)
    at afterConnectMultiple (node:net:1715:7)
1:29:39 PM [vite] http proxy error at /api/v1/health:
AggregateError [ECONNREFUSED]: 
    at internalConnectMultiple (node:net:1134:18)
    at afterConnectMultiple (node:net:1715:7)
1:29:49 PM [vite] http proxy error at /api/v1/health:
AggregateError [ECONNREFUSED]: 
    at internalConnectMultiple (node:net:1134:18)
    at afterConnectMultiple (node:net:1715:7)
1:29:50 PM [vite] http proxy error at /api/v1/health:
AggregateError [ECONNREFUSED]: 
    at internalConnectMultiple (node:net:1134:18)
    at afterConnectMultiple (node:net:1715:7)
1:29:54 PM [vite] http proxy error at /api/v1/agents:
AggregateError [ECONNREFUSED]: 
    at internalConnectMultiple (node:net:1134:18)
    at afterConnectMultiple (node:net:1715:7)
1:29:55 PM [vite] http proxy error at /api/v1/activity/recent:
AggregateError [ECONNREFUSED]: 
    at internalConnectMultiple (node:net:1134:18)
    at afterConnectMultiple (node:net:1715:7)
1:29:55 PM [vite] http proxy error at /api/v1/agents:
AggregateError [ECONNREFUSED]: 
    at internalConnectMultiple (node:net:1134:18)
    at afterConnectMultiple (node:net:1715:7)
1:29:56 PM [vite] http proxy error at /api/v1/activity/recent:
AggregateError [ECONNREFUSED]: 
    at internalConnectMultiple (node:net:1134:18)
    at afterConnectMultiple (node:net:1715:7)
1:30:00 PM [vite] http proxy error at /api/v1/health:
AggregateError [ECONNREFUSED]: 
    at internalConnectMultiple (node:net:1134:18)
    at afterConnectMultiple (node:net:1715:7)
1:30:01 PM [vite] http proxy error at /api/v1/health:
AggregateError [ECONNREFUSED]: 
    at internalConnectMultiple (node:net:1134:18)
    at afterConnectMultiple (node:net:1715:7)
1:30:11 PM [vite] http proxy error at /api/v1/health:
AggregateError [ECONNREFUSED]: 
    at internalConnectMultiple (node:net:1134:18)
    at afterConnectMultiple (node:net:1715:7)
1:30:12 PM [vite] http proxy error at /api/v1/health:
AggregateError [ECONNREFUSED]: 
    at internalConnectMultiple (node:net:1134:18)
    at afterConnectMultiple (node:net:1715:7)
1:30:16 PM [vite] http proxy error at /api/v1/dashboard/stats:
AggregateError [ECONNREFUSED]: 
    at internalConnectMultiple (node:net:1134:18)
    at afterConnectMultiple (node:net:1715:7)
1:30:17 PM [vite] http proxy error at /api/v1/dashboard/stats:
AggregateError [ECONNREFUSED]: 
    at internalConnectMultiple (node:net:1134:18)
    at afterConnectMultiple (node:net:1715:7)
1:30:22 PM [vite] http proxy error at /api/v1/health:
AggregateError [ECONNREFUSED]: 
    at internalConnectMultiple (node:net:1134:18)
    at afterConnectMultiple (node:net:1715:7)
1:30:23 PM [vite] http proxy error at /api/v1/health:
AggregateError [ECONNREFUSED]: 
    at internalConnectMultiple (node:net:1134:18)
    at afterConnectMultiple (node:net:1715:7)
1:30:25 PM [vite] http proxy error at /api/v1/agents:
AggregateError [ECONNREFUSED]: 
    at internalConnectMultiple (node:net:1134:18)
    at afterConnectMultiple (node:net:1715:7)
1:30:26 PM [vite] http proxy error at /api/v1/activity/recent:
AggregateError [ECONNREFUSED]: 
    at internalConnectMultiple (node:net:1134:18)
    at afterConnectMultiple (node:net:1715:7)
1:30:26 PM [vite] http proxy error at /api/v1/agents:
AggregateError [ECONNREFUSED]: 
    at internalConnectMultiple (node:net:1134:18)
    at afterConnectMultiple (node:net:1715:7)
1:30:27 PM [vite] http proxy error at /api/v1/activity/recent:
AggregateError [ECONNREFUSED]: 
    at internalConnectMultiple (node:net:1134:18)
    at afterConnectMultiple (node:net:1715:7)
1:30:33 PM [vite] http proxy error at /api/v1/health:
AggregateError [ECONNREFUSED]: 
    at internalConnectMultiple (node:net:1134:18)
    at afterConnectMultiple (node:net:1715:7)
1:30:34 PM [vite] http proxy error at /api/v1/health:
AggregateError [ECONNREFUSED]: 
    at internalConnectMultiple (node:net:1134:18)
    at afterConnectMultiple (node:net:1715:7)
1:30:44 PM [vite] http proxy error at /api/v1/health:
AggregateError [ECONNREFUSED]: 
    at internalConnectMultiple (node:net:1134:18)
    at afterConnectMultiple (node:net:1715:7)
1:30:45 PM [vite] http proxy error at /api/v1/health:
AggregateError [ECONNREFUSED]: 
    at internalConnectMultiple (node:net:1134:18)
    at afterConnectMultiple (node:net:1715:7)
1:30:55 PM [vite] http proxy error at /api/v1/health:
AggregateError [ECONNREFUSED]: 
    at internalConnectMultiple (node:net:1134:18)
    at afterConnectMultiple (node:net:1715:7)
1:30:56 PM [vite] http proxy error at /api/v1/health:
AggregateError [ECONNREFUSED]: 
    at internalConnectMultiple (node:net:1134:18)
    at afterConnectMultiple (node:net:1715:7)
1:30:56 PM [vite] http proxy error at /api/v1/agents:
AggregateError [ECONNREFUSED]: 
    at internalConnectMultiple (node:net:1134:18)
    at afterConnectMultiple (node:net:1715:7)
1:30:57 PM [vite] http proxy error at /api/v1/activity/recent:
AggregateError [ECONNREFUSED]: 
    at internalConnectMultiple (node:net:1134:18)
    at afterConnectMultiple (node:net:1715:7)
1:30:57 PM [vite] http proxy error at /api/v1/agents:
AggregateError [ECONNREFUSED]: 
    at internalConnectMultiple (node:net:1134:18)
    at afterConnectMultiple (node:net:1715:7)
1:30:58 PM [vite] http proxy error at /api/v1/activity/recent:
AggregateError [ECONNREFUSED]: 
    at internalConnectMultiple (node:net:1134:18)
    at afterConnectMultiple (node:net:1715:7)
1:31:06 PM [vite] http proxy error at /api/v1/health:
AggregateError [ECONNREFUSED]: 
    at internalConnectMultiple (node:net:1134:18)
    at afterConnectMultiple (node:net:1715:7)
1:31:07 PM [vite] http proxy error at /api/v1/health:
AggregateError [ECONNREFUSED]: 
    at internalConnectMultiple (node:net:1134:18)
    at afterConnectMultiple (node:net:1715:7)
1:31:17 PM [vite] http proxy error at /api/v1/health:
AggregateError [ECONNREFUSED]: 
    at internalConnectMultiple (node:net:1134:18)
    at afterConnectMultiple (node:net:1715:7)
1:31:17 PM [vite] http proxy error at /api/v1/dashboard/stats:
AggregateError [ECONNREFUSED]: 
    at internalConnectMultiple (node:net:1134:18)
    at afterConnectMultiple (node:net:1715:7)
1:31:18 PM [vite] http proxy error at /api/v1/health:
AggregateError [ECONNREFUSED]: 
    at internalConnectMultiple (node:net:1134:18)
    at afterConnectMultiple (node:net:1715:7)
1:31:18 PM [vite] http proxy error at /api/v1/dashboard/stats:
AggregateError [ECONNREFUSED]: 
    at internalConnectMultiple (node:net:1134:18)
    at afterConnectMultiple (node:net:1715:7)
1:31:27 PM [vite] http proxy error at /api/v1/agents:
AggregateError [ECONNREFUSED]: 
    at internalConnectMultiple (node:net:1134:18)
    at afterConnectMultiple (node:net:1715:7)
1:31:28 PM [vite] http proxy error at /api/v1/health:
AggregateError [ECONNREFUSED]: 
    at internalConnectMultiple (node:net:1134:18)
    at afterConnectMultiple (node:net:1715:7)
1:31:28 PM [vite] http proxy error at /api/v1/activity/recent:
AggregateError [ECONNREFUSED]: 
    at internalConnectMultiple (node:net:1134:18)
    at afterConnectMultiple (node:net:1715:7)
1:31:28 PM [vite] http proxy error at /api/v1/agents:
AggregateError [ECONNREFUSED]: 
    at internalConnectMultiple (node:net:1134:18)
    at afterConnectMultiple (node:net:1715:7)
1:31:29 PM [vite] http proxy error at /api/v1/health:
AggregateError [ECONNREFUSED]: 
    at internalConnectMultiple (node:net:1134:18)
    at afterConnectMultiple (node:net:1715:7)
1:31:29 PM [vite] http proxy error at /api/v1/activity/recent:
AggregateError [ECONNREFUSED]: 
    at internalConnectMultiple (node:net:1134:18)
    at afterConnectMultiple (node:net:1715:7)
1:31:39 PM [vite] http proxy error at /api/v1/health:
AggregateError [ECONNREFUSED]: 
    at internalConnectMultiple (node:net:1134:18)
    at afterConnectMultiple (node:net:1715:7)
1:31:40 PM [vite] http proxy error at /api/v1/health:
AggregateError [ECONNREFUSED]: 
    at internalConnectMultiple (node:net:1134:18)
    at afterConnectMultiple (node:net:1715:7)
1:31:50 PM [vite] http proxy error at /api/v1/health:
AggregateError [ECONNREFUSED]: 
    at internalConnectMultiple (node:net:1134:18)
    at afterConnectMultiple (node:net:1715:7)
1:31:51 PM [vite] http proxy error at /api/v1/health:
AggregateError [ECONNREFUSED]: 
    at internalConnectMultiple (node:net:1134:18)
    at afterConnectMultiple (node:net:1715:7)
1:31:58 PM [vite] http proxy error at /api/v1/agents:
AggregateError [ECONNREFUSED]: 
    at internalConnectMultiple (node:net:1134:18)
    at afterConnectMultiple (node:net:1715:7)
1:31:59 PM [vite] http proxy error at /api/v1/activity/recent:
AggregateError [ECONNREFUSED]: 
    at internalConnectMultiple (node:net:1134:18)
    at afterConnectMultiple (node:net:1715:7)
1:31:59 PM [vite] http proxy error at /api/v1/agents:
AggregateError [ECONNREFUSED]: 
    at internalConnectMultiple (node:net:1134:18)
    at afterConnectMultiple (node:net:1715:7)
1:32:00 PM [vite] http proxy error at /api/v1/activity/recent:
AggregateError [ECONNREFUSED]: 
    at internalConnectMultiple (node:net:1134:18)
    at afterConnectMultiple (node:net:1715:7)
1:32:01 PM [vite] http proxy error at /api/v1/health:
AggregateError [ECONNREFUSED]: 
    at internalConnectMultiple (node:net:1134:18)
    at afterConnectMultiple (node:net:1715:7)
1:32:02 PM [vite] http proxy error at /api/v1/health:
AggregateError [ECONNREFUSED]: 
    at internalConnectMultiple (node:net:1134:18)
    at afterConnectMultiple (node:net:1715:7)
1:32:12 PM [vite] http proxy error at /api/v1/health:
AggregateError [ECONNREFUSED]: 
    at internalConnectMultiple (node:net:1134:18)
    at afterConnectMultiple (node:net:1715:7)
1:32:13 PM [vite] http proxy error at /api/v1/health:
AggregateError [ECONNREFUSED]: 
    at internalConnectMultiple (node:net:1134:18)
    at afterConnectMultiple (node:net:1715:7)
1:32:18 PM [vite] http proxy error at /api/v1/dashboard/stats:
AggregateError [ECONNREFUSED]: 
    at internalConnectMultiple (node:net:1134:18)
    at afterConnectMultiple (node:net:1715:7)
1:32:19 PM [vite] http proxy error at /api/v1/dashboard/stats:
AggregateError [ECONNREFUSED]: 
    at internalConnectMultiple (node:net:1134:18)
    at afterConnectMultiple (node:net:1715:7)
1:32:23 PM [vite] http proxy error at /api/v1/health:
AggregateError [ECONNREFUSED]: 
    at internalConnectMultiple (node:net:1134:18)
    at afterConnectMultiple (node:net:1715:7)
1:32:24 PM [vite] http proxy error at /api/v1/health:
AggregateError [ECONNREFUSED]: 
    at internalConnectMultiple (node:net:1134:18)
    at afterConnectMultiple (node:net:1715:7)
1:32:29 PM [vite] http proxy error at /api/v1/agents:
AggregateError [ECONNREFUSED]: 
    at internalConnectMultiple (node:net:1134:18)
    at afterConnectMultiple (node:net:1715:7)
1:32:30 PM [vite] http proxy error at /api/v1/activity/recent:
AggregateError [ECONNREFUSED]: 
    at internalConnectMultiple (node:net:1134:18)
    at afterConnectMultiple (node:net:1715:7)
1:32:30 PM [vite] http proxy error at /api/v1/agents:
AggregateError [ECONNREFUSED]: 
    at internalConnectMultiple (node:net:1134:18)
    at afterConnectMultiple (node:net:1715:7)
1:32:31 PM [vite] http proxy error at /api/v1/activity/recent:
AggregateError [ECONNREFUSED]: 
    at internalConnectMultiple (node:net:1134:18)
    at afterConnectMultiple (node:net:1715:7)
1:32:34 PM [vite] http proxy error at /api/v1/health:
AggregateError [ECONNREFUSED]: 
    at internalConnectMultiple (node:net:1134:18)
    at afterConnectMultiple (node:net:1715:7)
1:32:35 PM [vite] http proxy error at /api/v1/health:
AggregateError [ECONNREFUSED]: 
    at internalConnectMultiple (node:net:1134:18)
    at afterConnectMultiple (node:net:1715:7)
1:32:45 PM [vite] http proxy error at /api/v1/health:
AggregateError [ECONNREFUSED]: 
    at internalConnectMultiple (node:net:1134:18)
    at afterConnectMultiple (node:net:1715:7)
1:32:46 PM [vite] http proxy error at /api/v1/health:
AggregateError [ECONNREFUSED]: 
    at internalConnectMultiple (node:net:1134:18)
    at afterConnectMultiple (node:net:1715:7)
1:37:18 PM [vite] hmr update /src/components/dashboard/RecentActivity.tsx, /src/index.css
1:37:23 PM [vite] hmr update /src/components/dashboard/RecentActivity.tsx, /src/index.css
1:37:28 PM [vite] hmr update /src/components/dashboard/RecentActivity.tsx, /src/index.css
1:37:33 PM [vite] hmr update /src/components/dashboard/RecentActivity.tsx, /src/index.css
1:37:37 PM [vite] hmr update /src/components/dashboard/RecentActivity.tsx, /src/index.css
1:37:42 PM [vite] hmr update /src/components/dashboard/RecentActivity.tsx, /src/index.css
1:50:22 PM [vite] http proxy error at /api/v1/auth/me:
AggregateError [ECONNREFUSED]: 
    at internalConnectMultiple (node:net:1134:18)
    at afterConnectMultiple (node:net:1715:7)
1:50:22 PM [vite] http proxy error at /api/v1/auth/me:
AggregateError [ECONNREFUSED]: 
    at internalConnectMultiple (node:net:1134:18)
    at afterConnectMultiple (node:net:1715:7)
7:51:09 AM [vite] hmr update /src/components/communications/CommunicationComposer.tsx, /src/index.css
8:13:16 AM [vite] page reload tailwind.config.js
8:13:23 AM [vite] hmr update /src/components/layout/Sidebar.tsx, /src/index.css
8:13:28 AM [vite] hmr update /src/components/layout/Sidebar.tsx, /src/index.css
8:13:44 AM [vite] hmr update /src/index.css
8:13:52 AM [vite] hmr update /src/components/layout/Header.tsx, /src/index.css
8:14:00 AM [vite] hmr update /src/components/layout/Header.tsx, /src/index.css
8:14:10 AM [vite] hmr update /src/components/dashboard/StatsCard.tsx, /src/index.css
8:14:20 AM [vite] hmr update /src/components/dashboard/StatsCard.tsx, /src/index.css
8:14:33 AM [vite] hmr update /src/pages/DashboardPage.tsx, /src/index.css
8:15:10 AM [vite] hmr update /src/pages/DashboardPage.tsx, /src/index.css
8:15:18 AM [vite] hmr update /src/pages/DashboardPage.tsx, /src/index.css
8:16:15 AM [vite] hmr update /src/pages/DocumentsPage.tsx, /src/index.css
8:16:20 AM [vite] hmr update /src/pages/DocumentsPage.tsx, /src/index.css
8:16:28 AM [vite] hmr update /src/App.tsx, /src/index.css
8:16:33 AM [vite] hmr update /src/App.tsx, /src/index.css
8:16:38 AM [vite] hmr update /src/components/layout/Header.tsx, /src/index.css
8:16:42 AM [vite] hmr update /src/pages/DocumentsPage.tsx, /src/index.css
8:16:47 AM [vite] hmr update /src/pages/DocumentsPage.tsx, /src/index.css
8:16:52 AM [vite] hmr update /src/pages/DashboardPage.tsx, /src/index.css
8:16:56 AM [vite] hmr update /src/pages/DashboardPage.tsx, /src/index.css
8:41:34 AM [vite] hmr update /src/pages/PlaintiffsPage.tsx, /src/index.css
8:41:40 AM [vite] hmr update /src/pages/PlaintiffsPage.tsx, /src/index.css
8:42:00 AM [vite] hmr update /src/pages/PlaintiffsPage.tsx, /src/index.css
8:42:06 AM [vite] hmr update /src/pages/PlaintiffsPage.tsx, /src/index.css
8:42:12 AM [vite] hmr update /src/pages/LawFirmsPage.tsx, /src/index.css
8:42:18 AM [vite] hmr update /src/pages/LawFirmsPage.tsx, /src/index.css
8:42:34 AM [vite] hmr update /src/pages/LawFirmsPage.tsx, /src/index.css
8:42:40 AM [vite] hmr update /src/pages/LawFirmsPage.tsx, /src/index.css
8:45:27 AM [vite] hmr update /src/components/dashboard/AgentStatusCard.tsx, /src/index.css
8:45:35 AM [vite] hmr update /src/pages/DashboardPage.tsx, /src/index.css
8:45:41 AM [vite] hmr update /src/pages/DashboardPage.tsx, /src/index.css
8:45:52 AM [vite] hmr update /src/pages/DashboardPage.tsx, /src/index.css
8:45:58 AM [vite] hmr update /src/components/forms/NewCaseForm.tsx, /src/index.css
8:46:08 AM [vite] hmr update /src/components/forms/NewCaseForm.tsx, /src/index.css
8:46:13 AM [vite] hmr update /src/components/forms/NewLawFirmForm.tsx, /src/index.css
8:46:18 AM [vite] hmr update /src/components/forms/NewLawFirmForm.tsx, /src/index.css
12:00:19 PM [vite] hmr update /src/components/settings/AgentSettings.tsx, /src/index.css
12:00:39 PM [vite] hmr update /src/components/settings/SystemSettings.tsx, /src/index.css
12:02:22 PM [vite] hmr update /src/pages/SettingsPage.tsx, /src/index.css
12:07:37 PM [vite] hmr update /src/App.tsx, /src/index.css
12:07:41 PM [vite] hmr update /src/App.tsx, /src/index.css
12:07:46 PM [vite] hmr update /src/components/layout/Sidebar.tsx, /src/index.css
12:07:51 PM [vite] hmr update /src/components/layout/Sidebar.tsx, /src/index.css
12:07:59 PM [vite] page reload src/main.tsx
12:08:13 PM [vite] hmr update /src/App.tsx, /src/index.css
12:08:19 PM [vite] hmr update /src/App.tsx, /src/index.css
12:08:24 PM [vite] hmr update /src/components/layout/Sidebar.tsx, /src/index.css
12:08:29 PM [vite] hmr update /src/components/layout/Sidebar.tsx, /src/index.css
12:08:52 PM [vite] hmr update /src/pages/SettingsPage.tsx, /src/index.css
12:09:01 PM [vite] hmr update /src/components/settings/SystemSettings.tsx, /src/index.css
12:09:07 PM [vite] hmr update /src/components/settings/AgentSettings.tsx, /src/index.css
12:12:49 PM [vite] hmr update /src/pages/SettingsPage.tsx, /src/index.css
12:13:45 PM [vite] hmr update /src/index.css, /src/pages/SettingsPage.tsx
12:13:53 PM [vite] hmr update /src/index.css, /src/pages/SettingsPage.tsx
12:14:04 PM [vite] hmr update /src/components/settings/SystemSettings.tsx, /src/index.css
12:14:08 PM [vite] hmr update /src/components/settings/SystemSettings.tsx, /src/index.css
12:14:15 PM [vite] hmr update /src/index.css, /src/pages/SettingsPage.tsx, /src/components/settings/SystemSettings.tsx
12:14:21 PM [vite] hmr update /src/index.css, /src/pages/SettingsPage.tsx, /src/components/settings/SystemSettings.tsx
12:16:05 PM [vite] hmr update /src/pages/SettingsPage.tsx, /src/index.css
12:16:12 PM [vite] hmr update /src/components/settings/SystemSettings.tsx, /src/index.css
12:16:19 PM [vite] hmr update /src/components/settings/AgentSettings.tsx, /src/index.css
12:16:26 PM [vite] hmr update /src/components/settings/AgentSettings.tsx, /src/index.css
12:16:44 PM [vite] hmr update /src/App.tsx, /src/index.css
12:16:50 PM [vite] hmr update /src/App.tsx, /src/index.css
12:17:00 PM [vite] hmr update /src/pages/SettingsPage.tsx, /src/index.css
5:52:27 PM [vite] http proxy error at /api/v1/api/v1/settings/agents:
AggregateError [ECONNREFUSED]: 
    at internalConnectMultiple (node:net:1134:18)
    at afterConnectMultiple (node:net:1715:7)
5:52:27 PM [vite] http proxy error at /api/v1/agents/status:
AggregateError [ECONNREFUSED]: 
    at internalConnectMultiple (node:net:1134:18)
    at afterConnectMultiple (node:net:1715:7)
5:52:51 PM [vite] http proxy error at /api/v1/plaintiffs:
AggregateError [ECONNREFUSED]: 
    at internalConnectMultiple (node:net:1134:18)
    at afterConnectMultiple (node:net:1715:7)
5:52:51 PM [vite] http proxy error at /api/v1/agents/status:
AggregateError [ECONNREFUSED]: 
    at internalConnectMultiple (node:net:1134:18)
    at afterConnectMultiple (node:net:1715:7)
5:52:51 PM [vite] http proxy error at /api/v1/cases/dashboard-stats:
AggregateError [ECONNREFUSED]: 
    at internalConnectMultiple (node:net:1134:18)
    at afterConnectMultiple (node:net:1715:7)
5:52:52 PM [vite] http proxy error at /api/v1/agents/status:
AggregateError [ECONNREFUSED]: 
    at internalConnectMultiple (node:net:1134:18)
    at afterConnectMultiple (node:net:1715:7)
5:52:52 PM [vite] http proxy error at /api/v1/cases/dashboard-stats:
AggregateError [ECONNREFUSED]: 
    at internalConnectMultiple (node:net:1134:18)
    at afterConnectMultiple (node:net:1715:7)
5:53:30 PM [vite] hmr update /src/index.css, /src/pages/SettingsPage.tsx, /src/components/settings/SystemSettings.tsx, /src/components/settings/AgentSettings.tsx
12:51:56 PM [vite] hmr update /src/pages/PlaintiffsPage.tsx, /src/index.css
